<?xml version="1.0" encoding="UTF-8"?>
<!-- Generated by org.testng.reporters.JUnitReportReporter -->
<testsuite hostname="Avinashs-MacBook-Air.local" failures="0" tests="1" name="testng.sample.TestNGSampleTest" time="10.314" errors="0" timestamp="2023-10-29T00:00:18 IST" skipped="0">
  <testcase classname="testng.sample.TestNGSampleTest" name="f" time="10.314"/>
  <system-out/>
</testsuite> <!-- testng.sample.TestNGSampleTest -->
