<?xml version="1.0" encoding="UTF-8"?>
<!-- Generated by org.testng.reporters.JUnitReportReporter -->
<testsuite hostname="Avinashs-MacBook-Air.local" failures="0" tests="5" name="testng.sample.TestNGPriority" time="0.009" errors="0" timestamp="2023-10-29T00:00:18 IST" skipped="0">
  <testcase classname="testng.sample.TestNGPriority" name="prameterTestOne" time="0.001"/>
  <system-out/>
  <testcase classname="testng.sample.TestNGPriority" name="c_method" time="0.001"/>
  <system-out/>
  <testcase classname="testng.sample.TestNGPriority" name="d_method" time="0.002"/>
  <system-out/>
  <testcase classname="testng.sample.TestNGPriority" name="b_method" time="0.003"/>
  <system-out/>
  <testcase classname="testng.sample.TestNGPriority" name="a_method" time="0.002"/>
  <system-out/>
</testsuite> <!-- testng.sample.TestNGPriority -->
