<?xml version="1.0" encoding="UTF-8"?>
<!-- Generated by org.testng.reporters.JUnitReportReporter -->
<testsuite skipped="0" hostname="Avinashs-MacBook-Air.local" name="com.testng.sample.project.Demo2_2" tests="1" failures="0" timestamp="2023-10-28T21:27:06 IST" time="3.031" errors="0">
  <testcase name="f" time="3.031" classname="com.testng.sample.project.Demo2_2"/>
  <system-out/>
</testsuite> <!-- com.testng.sample.project.Demo2_2 -->
