<?xml version="1.0" encoding="UTF-8"?>
<!-- Generated by org.testng.reporters.JUnitReportReporter -->
<testsuite hostname="Avinashs-MacBook-Air.local" failures="0" tests="1" name="testng.sample.TestNG" time="0.011" errors="0" timestamp="2023-10-28T23:42:24 IST" skipped="0">
  <testcase classname="testng.sample.TestNG" name="testCase1" time="0.011"/>
  <system-out/>
</testsuite> <!-- testng.sample.TestNG -->
