<?xml version="1.0" encoding="UTF-8"?>
<!-- Generated by org.testng.reporters.JUnitReportReporter -->
<testsuite hostname="Avinashs-MacBook-Air.local" failures="0" tests="1" name="testng.sample.TestNGAnnotations" time="0.008" errors="0" timestamp="2023-10-29T00:00:18 IST" skipped="0">
  <testcase classname="testng.sample.TestNGAnnotations" name="testCase1" time="0.008"/>
  <system-out/>
</testsuite> <!-- testng.sample.TestNGAnnotations -->
