<?xml version="1.0" encoding="UTF-8"?>
<!-- Generated by org.testng.reporters.JUnitReportReporter -->
<testsuite hostname="Avinashs-MacBook-Air.local" failures="0" tests="1" name="restassured.testng.sample.GetMethod" time="4.235" errors="0" timestamp="2024-01-31T22:08:20 IST" skipped="0">
  <testcase classname="restassured.testng.sample.GetMethod" name="getMethod" time="4.235"/>
  <system-out/>
</testsuite> <!-- restassured.testng.sample.GetMethod -->
