<?xml version="1.0" encoding="UTF-8"?>
<!-- Generated by org.testng.reporters.JUnitReportReporter -->
<testsuite skipped="0" hostname="Avinashs-MacBook-Air.local" name="com.testng.sample.project.Demo" tests="1" failures="0" timestamp="2023-10-28T21:39:05 IST" time="2.591" errors="0">
  <testcase name="getMethod" time="2.591" classname="com.testng.sample.project.Demo"/>
  <system-out/>
</testsuite> <!-- com.testng.sample.project.Demo -->
