<?xml version="1.0" encoding="UTF-8"?>
<!-- Generated by org.testng.reporters.JUnitReportReporter -->
<testsuite hostname="Avinash.local" failures="0" tests="1" name="runners.Runner_test" time="21.087" errors="0" timestamp="2024-11-20T22:35:49 IST" skipped="0">
  <testcase classname="runners.Runner_test" name="runScenario" time="21.087"/>
  <system-out/>
</testsuite> <!-- runners.Runner_test -->
