<?xml version="1.0" encoding="UTF-8"?>
<!-- Generated by org.testng.reporters.JUnitReportReporter -->
<testsuite hostname="Avinashs-MacBook-Air.local" failures="0" tests="1" name="runners.FirstScriptTest" time="7.869" errors="0" timestamp="2023-06-13T19:34:16 IST" skipped="0">
  <testcase classname="runners.FirstScriptTest" name="eightComponents" time="7.869"/>
  <system-out/>
</testsuite> <!-- runners.FirstScriptTest -->
